<?xml version="1.0" encoding="UTF-8"?>
<testng-results skipped="0" failed="1" ignored="0" total="1" passed="0">
  <reporter-output>
    <line>
      <![CDATA[Checking page is load.]]>
    </line>
    <line>
      <![CDATA[Selecting city.]]>
    </line>
    <line>
      <![CDATA[Writing username.]]>
    </line>
    <line>
      <![CDATA[Writing password.]]>
    </line>
    <line>
      <![CDATA[Login button is clicked.]]>
    </line>
    <line>
      <![CDATA[Checking error message.]]>
    </line>
    <line>
      <![CDATA[Clicks Super restaurants menu.]]>
    </line>
    <line>
      <![CDATA[Gets Super restaurants list.]]>
    </line>
    <line>
      <![CDATA[Restaurant Name : ! Ufuklar Dürümcü Bey, Kadıköy (Sahrayıcedit Mah.)]]>
    </line>
    <line>
      <![CDATA[Clicks add to favorite button.]]>
    </line>
    <line>
      <![CDATA[Homepage loads.]]>
    </line>
    <line>
      <![CDATA[Clicks favorites menu.]]>
    </line>
    <line>
      <![CDATA[Gets favorites.]]>
    </line>
  </reporter-output>
  <suite name="Yemeksepeti Project" duration-ms="55994" started-at="2022-02-13T18:12:17 EET" finished-at="2022-02-13T18:13:13 EET">
    <groups>
    </groups>
    <test name="Yemeksepeti Project" duration-ms="55994" started-at="2022-02-13T18:12:17 EET" finished-at="2022-02-13T18:13:13 EET">
      <class name="addingToFavorites">
        <test-method status="PASS" signature="setDriver()[pri:0, instance:addingToFavorites@589838eb]" name="setDriver" is-config="true" duration-ms="16968" started-at="2022-02-13T18:12:17 EET" finished-at="2022-02-13T18:12:34 EET">
          <reporter-output>
          </reporter-output>
        </test-method> <!-- setDriver -->
        <test-method status="FAIL" signature="checkCorrectRestaurant()[pri:0, instance:addingToFavorites@589838eb]" name="checkCorrectRestaurant" duration-ms="36406" started-at="2022-02-13T18:12:34 EET" finished-at="2022-02-13T18:13:11 EET">
          <exception class="java.lang.AssertionError">
            <message>
              <![CDATA[Added restaurant couldn't find under favorites!!]]>
            </message>
            <full-stacktrace>
              <![CDATA[java.lang.AssertionError: Added restaurant couldn't find under favorites!!
at org.testng.Assert.fail(Assert.java:99)
at pages.HomePage.readFavorites(HomePage.java:132)
at addingToFavorites.checkCorrectRestaurant(addingToFavorites.java:27)
at sun.reflect.NativeMethodAccessorImpl.invoke0(Native Method)
at sun.reflect.NativeMethodAccessorImpl.invoke(NativeMethodAccessorImpl.java:62)
at sun.reflect.DelegatingMethodAccessorImpl.invoke(DelegatingMethodAccessorImpl.java:43)
at java.lang.reflect.Method.invoke(Method.java:498)
at org.testng.internal.MethodInvocationHelper.invokeMethod(MethodInvocationHelper.java:133)
at org.testng.internal.TestInvoker.invokeMethod(TestInvoker.java:598)
at org.testng.internal.TestInvoker.invokeTestMethod(TestInvoker.java:173)
at org.testng.internal.MethodRunner.runInSequence(MethodRunner.java:46)
at org.testng.internal.TestInvoker$MethodInvocationAgent.invoke(TestInvoker.java:824)
at org.testng.internal.TestInvoker.invokeTestMethods(TestInvoker.java:146)
at org.testng.internal.TestMethodWorker.invokeTestMethods(TestMethodWorker.java:146)
at org.testng.internal.TestMethodWorker.run(TestMethodWorker.java:128)
at java.util.concurrent.ThreadPoolExecutor.runWorker(ThreadPoolExecutor.java:1149)
at java.util.concurrent.ThreadPoolExecutor$Worker.run(ThreadPoolExecutor.java:624)
at java.lang.Thread.run(Thread.java:748)
]]>
            </full-stacktrace>
          </exception> <!-- java.lang.AssertionError -->
          <reporter-output>
            <line>
              <![CDATA[Checking page is load.]]>
            </line>
            <line>
              <![CDATA[Selecting city.]]>
            </line>
            <line>
              <![CDATA[Writing username.]]>
            </line>
            <line>
              <![CDATA[Writing password.]]>
            </line>
            <line>
              <![CDATA[Login button is clicked.]]>
            </line>
            <line>
              <![CDATA[Checking error message.]]>
            </line>
            <line>
              <![CDATA[Clicks Super restaurants menu.]]>
            </line>
            <line>
              <![CDATA[Gets Super restaurants list.]]>
            </line>
            <line>
              <![CDATA[Restaurant Name : ! Ufuklar Dürümcü Bey, Kadıköy (Sahrayıcedit Mah.)]]>
            </line>
            <line>
              <![CDATA[Clicks add to favorite button.]]>
            </line>
            <line>
              <![CDATA[Homepage loads.]]>
            </line>
            <line>
              <![CDATA[Clicks favorites menu.]]>
            </line>
            <line>
              <![CDATA[Gets favorites.]]>
            </line>
          </reporter-output>
        </test-method> <!-- checkCorrectRestaurant -->
        <test-method status="PASS" signature="takeScreenShotOnFailure(org.testng.ITestResult)[pri:0, instance:addingToFavorites@589838eb]" name="takeScreenShotOnFailure" is-config="true" duration-ms="932" started-at="2022-02-13T18:13:11 EET" finished-at="2022-02-13T18:13:12 EET">
          <params>
            <param index="0">
              <value>
                <![CDATA[[TestResult name=checkCorrectRestaurant status=FAILURE method=addingToFavorites.checkCorrectRestaurant()[pri:0, instance:addingToFavorites@589838eb] output=Checking page is load.]]]>
              </value>
            </param>
          </params>
          <reporter-output>
          </reporter-output>
        </test-method> <!-- takeScreenShotOnFailure -->
        <test-method status="PASS" signature="close()[pri:0, instance:addingToFavorites@589838eb]" name="close" is-config="true" duration-ms="1464" started-at="2022-02-13T18:13:12 EET" finished-at="2022-02-13T18:13:13 EET">
          <reporter-output>
          </reporter-output>
        </test-method> <!-- close -->
      </class> <!-- addingToFavorites -->
    </test> <!-- Yemeksepeti Project -->
  </suite> <!-- Yemeksepeti Project -->
</testng-results>
